<?xml version="1.0" encoding="UTF-8"?>
<testsuite name="dev.rocksqueue.core.BinaryKeyEncoderTest" tests="1" skipped="0" failures="0" errors="0" timestamp="2025-08-27T18:17:55" hostname="Pranays-MacBook-Pro.local" time="0.005">
  <properties/>
  <testcase name="lexicographicOrderMatchesNumeric()" classname="dev.rocksqueue.core.BinaryKeyEncoderTest" time="0.005"/>
  <system-out><![CDATA[]]></system-out>
  <system-err><![CDATA[]]></system-err>
</testsuite>
