<?xml version="1.0" encoding="UTF-8"?>
<testsuite name="dev.rocksqueue.recovery.CrashRecoveryTest" tests="2" skipped="0" failures="0" errors="0" timestamp="2025-08-27T18:17:56" hostname="Pranays-MacBook-Pro.local" time="0.209">
  <properties/>
  <testcase name="missingMetaCounter_recoversFromDataOrStartsAtZero()" classname="dev.rocksqueue.recovery.CrashRecoveryTest" time="0.107"/>
  <testcase name="itemsPersistWithWAL_andCounterRecoversFromData()" classname="dev.rocksqueue.recovery.CrashRecoveryTest" time="0.102"/>
  <system-out><![CDATA[]]></system-out>
  <system-err><![CDATA[]]></system-err>
</testsuite>
